[0.478s] Invoking command in '/home/dynepanch/ros2_ws/src/CIT_DAR': PYTHONPATH=/home/dynepanch/ros2_ws/src/CIT_DAR/install/CIT_DAR/lib/python3.10/site-packages:${PYTHONPATH} /usr/bin/python3 setup.py egg_info --egg-base build/CIT_DAR build --build-base /home/dynepanch/ros2_ws/src/CIT_DAR/build/CIT_DAR/build install --prefix /home/dynepanch/ros2_ws/src/CIT_DAR/install/CIT_DAR --record /home/dynepanch/ros2_ws/src/CIT_DAR/build/CIT_DAR/install.log --single-version-externally-managed
[0.661s] running egg_info
[0.661s] writing build/CIT_DAR/CIT_DAR.egg-info/PKG-INFO
[0.665s] writing dependency_links to build/CIT_DAR/CIT_DAR.egg-info/dependency_links.txt
[0.665s] writing entry points to build/CIT_DAR/CIT_DAR.egg-info/entry_points.txt
[0.665s] writing requirements to build/CIT_DAR/CIT_DAR.egg-info/requires.txt
[0.665s] writing top-level names to build/CIT_DAR/CIT_DAR.egg-info/top_level.txt
[0.667s] reading manifest file 'build/CIT_DAR/CIT_DAR.egg-info/SOURCES.txt'
[0.668s] writing manifest file 'build/CIT_DAR/CIT_DAR.egg-info/SOURCES.txt'
[0.668s] running build
[0.668s] running build_py
[0.668s] copying CIT_DAR/send.py -> /home/dynepanch/ros2_ws/src/CIT_DAR/build/CIT_DAR/build/lib/CIT_DAR
[0.669s] copying CIT_DAR/tips.py -> /home/dynepanch/ros2_ws/src/CIT_DAR/build/CIT_DAR/build/lib/CIT_DAR
[0.669s] running install
[0.669s] running install_lib
[0.669s] /usr/lib/python3/dist-packages/setuptools/command/install.py:34: SetuptoolsDeprecationWarning: setup.py install is deprecated. Use build and pip and other standards-based tools.
[0.669s]   warnings.warn(
[0.670s] copying /home/dynepanch/ros2_ws/src/CIT_DAR/build/CIT_DAR/build/lib/CIT_DAR/send.py -> /home/dynepanch/ros2_ws/src/CIT_DAR/install/CIT_DAR/lib/python3.10/site-packages/CIT_DAR
[0.670s] copying /home/dynepanch/ros2_ws/src/CIT_DAR/build/CIT_DAR/build/lib/CIT_DAR/tips.py -> /home/dynepanch/ros2_ws/src/CIT_DAR/install/CIT_DAR/lib/python3.10/site-packages/CIT_DAR
[0.670s] byte-compiling /home/dynepanch/ros2_ws/src/CIT_DAR/install/CIT_DAR/lib/python3.10/site-packages/CIT_DAR/send.py to send.cpython-310.pyc
[0.671s] byte-compiling /home/dynepanch/ros2_ws/src/CIT_DAR/install/CIT_DAR/lib/python3.10/site-packages/CIT_DAR/tips.py to tips.cpython-310.pyc
[0.671s] running install_data
[0.671s] copying package.xml -> /home/dynepanch/ros2_ws/src/CIT_DAR/install/CIT_DAR/share/CIT_DAR
[0.672s] running install_egg_info
[0.673s] removing '/home/dynepanch/ros2_ws/src/CIT_DAR/install/CIT_DAR/lib/python3.10/site-packages/CIT_DAR-0.0.0-py3.10.egg-info' (and everything under it)
[0.674s] Copying build/CIT_DAR/CIT_DAR.egg-info to /home/dynepanch/ros2_ws/src/CIT_DAR/install/CIT_DAR/lib/python3.10/site-packages/CIT_DAR-0.0.0-py3.10.egg-info
[0.674s] running install_scripts
[0.691s] Installing send script to /home/dynepanch/ros2_ws/src/CIT_DAR/install/CIT_DAR/lib/CIT_DAR
[0.693s] writing list of installed files to '/home/dynepanch/ros2_ws/src/CIT_DAR/build/CIT_DAR/install.log'
[0.712s] Invoked command in '/home/dynepanch/ros2_ws/src/CIT_DAR' returned '0': PYTHONPATH=/home/dynepanch/ros2_ws/src/CIT_DAR/install/CIT_DAR/lib/python3.10/site-packages:${PYTHONPATH} /usr/bin/python3 setup.py egg_info --egg-base build/CIT_DAR build --build-base /home/dynepanch/ros2_ws/src/CIT_DAR/build/CIT_DAR/build install --prefix /home/dynepanch/ros2_ws/src/CIT_DAR/install/CIT_DAR --record /home/dynepanch/ros2_ws/src/CIT_DAR/build/CIT_DAR/install.log --single-version-externally-managed
