[0.531s] Invoking command in '/home/dynepanch/ros2_ws/src/CIT_DAR': PYTHONPATH=/home/dynepanch/ros2_ws/src/CIT_DAR/install/CIT_DAR/lib/python3.10/site-packages:${PYTHONPATH} /usr/bin/python3 setup.py egg_info --egg-base build/CIT_DAR build --build-base /home/dynepanch/ros2_ws/src/CIT_DAR/build/CIT_DAR/build install --prefix /home/dynepanch/ros2_ws/src/CIT_DAR/install/CIT_DAR --record /home/dynepanch/ros2_ws/src/CIT_DAR/build/CIT_DAR/install.log --single-version-externally-managed
[0.724s] running egg_info
[0.725s] writing build/CIT_DAR/CIT_DAR.egg-info/PKG-INFO
[0.727s] writing dependency_links to build/CIT_DAR/CIT_DAR.egg-info/dependency_links.txt
[0.727s] writing entry points to build/CIT_DAR/CIT_DAR.egg-info/entry_points.txt
[0.728s] writing requirements to build/CIT_DAR/CIT_DAR.egg-info/requires.txt
[0.728s] writing top-level names to build/CIT_DAR/CIT_DAR.egg-info/top_level.txt
[0.729s] reading manifest file 'build/CIT_DAR/CIT_DAR.egg-info/SOURCES.txt'
[0.730s] writing manifest file 'build/CIT_DAR/CIT_DAR.egg-info/SOURCES.txt'
[0.730s] running build
[0.730s] running build_py
[0.731s] copying CIT_DAR/send.py -> /home/dynepanch/ros2_ws/src/CIT_DAR/build/CIT_DAR/build/lib/CIT_DAR
[0.731s] copying CIT_DAR/tips.py -> /home/dynepanch/ros2_ws/src/CIT_DAR/build/CIT_DAR/build/lib/CIT_DAR
[0.731s] running install
[0.731s] /usr/lib/python3/dist-packages/setuptools/command/install.py:34: SetuptoolsDeprecationWarning: setup.py install is deprecated. Use build and pip and other standards-based tools.
[0.731s]   warnings.warn(
[0.732s] running install_lib
[0.732s] copying /home/dynepanch/ros2_ws/src/CIT_DAR/build/CIT_DAR/build/lib/CIT_DAR/send.py -> /home/dynepanch/ros2_ws/src/CIT_DAR/install/CIT_DAR/lib/python3.10/site-packages/CIT_DAR
[0.733s] copying /home/dynepanch/ros2_ws/src/CIT_DAR/build/CIT_DAR/build/lib/CIT_DAR/tips.py -> /home/dynepanch/ros2_ws/src/CIT_DAR/install/CIT_DAR/lib/python3.10/site-packages/CIT_DAR
[0.734s] byte-compiling /home/dynepanch/ros2_ws/src/CIT_DAR/install/CIT_DAR/lib/python3.10/site-packages/CIT_DAR/send.py to send.cpython-310.pyc
[0.734s] byte-compiling /home/dynepanch/ros2_ws/src/CIT_DAR/install/CIT_DAR/lib/python3.10/site-packages/CIT_DAR/tips.py to tips.cpython-310.pyc
[0.736s] running install_data
[0.736s] copying launch/send_tips.launch.py -> /home/dynepanch/ros2_ws/src/CIT_DAR/install/CIT_DAR/share/CIT_DAR
[0.737s] running install_egg_info
[0.738s] removing '/home/dynepanch/ros2_ws/src/CIT_DAR/install/CIT_DAR/lib/python3.10/site-packages/CIT_DAR-0.0.0-py3.10.egg-info' (and everything under it)
[0.739s] Copying build/CIT_DAR/CIT_DAR.egg-info to /home/dynepanch/ros2_ws/src/CIT_DAR/install/CIT_DAR/lib/python3.10/site-packages/CIT_DAR-0.0.0-py3.10.egg-info
[0.740s] running install_scripts
[0.757s] Installing send script to /home/dynepanch/ros2_ws/src/CIT_DAR/install/CIT_DAR/lib/CIT_DAR
[0.757s] Installing tips script to /home/dynepanch/ros2_ws/src/CIT_DAR/install/CIT_DAR/lib/CIT_DAR
[0.758s] writing list of installed files to '/home/dynepanch/ros2_ws/src/CIT_DAR/build/CIT_DAR/install.log'
[0.777s] Invoked command in '/home/dynepanch/ros2_ws/src/CIT_DAR' returned '0': PYTHONPATH=/home/dynepanch/ros2_ws/src/CIT_DAR/install/CIT_DAR/lib/python3.10/site-packages:${PYTHONPATH} /usr/bin/python3 setup.py egg_info --egg-base build/CIT_DAR build --build-base /home/dynepanch/ros2_ws/src/CIT_DAR/build/CIT_DAR/build install --prefix /home/dynepanch/ros2_ws/src/CIT_DAR/install/CIT_DAR --record /home/dynepanch/ros2_ws/src/CIT_DAR/build/CIT_DAR/install.log --single-version-externally-managed
