[1.035s] DEBUG:colcon:Command line arguments: ['/usr/bin/colcon', 'build']
[1.035s] DEBUG:colcon:Parsed command line arguments: Namespace(log_base=None, log_level=None, verb_name='build', build_base='build', install_base='install', merge_install=False, symlink_install=False, test_result_base=None, continue_on_error=False, executor='parallel', parallel_workers=12, event_handlers=None, ignore_user_meta=False, metas=['./colcon.meta'], base_paths=['.'], packages_ignore=None, packages_ignore_regex=None, paths=None, packages_up_to=None, packages_up_to_regex=None, packages_above=None, packages_above_and_dependencies=None, packages_above_depth=None, packages_select_by_dep=None, packages_skip_by_dep=None, packages_skip_up_to=None, packages_select_build_failed=False, packages_skip_build_finished=False, packages_select_test_failures=False, packages_skip_test_passed=False, packages_select=None, packages_skip=None, packages_select_regex=None, packages_skip_regex=None, packages_start=None, packages_end=None, allow_overriding=[], cmake_args=None, cmake_target=None, cmake_target_skip_unavailable=False, cmake_clean_cache=False, cmake_clean_first=False, cmake_force_configure=False, ament_cmake_args=None, catkin_cmake_args=None, catkin_skip_building_tests=False, verb_parser=<colcon_defaults.argument_parser.defaults.DefaultArgumentsDecorator object at 0x7f756e8d5240>, verb_extension=<colcon_core.verb.build.BuildVerb object at 0x7f756ebc3bb0>, main=<bound method BuildVerb.main of <colcon_core.verb.build.BuildVerb object at 0x7f756ebc3bb0>>)
[1.113s] Level 1:colcon.colcon_core.package_discovery:discover_packages(colcon_meta) check parameters
[1.113s] Level 1:colcon.colcon_core.package_discovery:discover_packages(recursive) check parameters
[1.113s] Level 1:colcon.colcon_core.package_discovery:discover_packages(ignore) check parameters
[1.113s] Level 1:colcon.colcon_core.package_discovery:discover_packages(path) check parameters
[1.113s] Level 1:colcon.colcon_core.package_discovery:discover_packages(colcon_meta) discover
[1.113s] Level 1:colcon.colcon_core.package_discovery:discover_packages(recursive) discover
[1.113s] INFO:colcon.colcon_core.package_discovery:Crawling recursively for packages in '/home/dynepanch/ros2_ws/src/CIT_DAR'
[1.113s] Level 1:colcon.colcon_core.package_identification:_identify(.) by extensions ['ignore', 'ignore_ament_install']
[1.113s] Level 1:colcon.colcon_core.package_identification:_identify(.) by extension 'ignore'
[1.113s] Level 1:colcon.colcon_core.package_identification:_identify(.) by extension 'ignore_ament_install'
[1.113s] Level 1:colcon.colcon_core.package_identification:_identify(.) by extensions ['colcon_pkg']
[1.113s] Level 1:colcon.colcon_core.package_identification:_identify(.) by extension 'colcon_pkg'
[1.114s] Level 1:colcon.colcon_core.package_identification:_identify(.) by extensions ['colcon_meta']
[1.114s] Level 1:colcon.colcon_core.package_identification:_identify(.) by extension 'colcon_meta'
[1.114s] Level 1:colcon.colcon_core.package_identification:_identify(.) by extensions ['ros']
[1.114s] Level 1:colcon.colcon_core.package_identification:_identify(.) by extension 'ros'
[1.156s] DEBUG:colcon.colcon_core.package_identification:Package '.' with type 'ros.ament_python' and name 'CIT_DAR'
[1.157s] Level 1:colcon.colcon_core.package_discovery:discover_packages(recursive) using defaults
[1.157s] Level 1:colcon.colcon_core.package_discovery:discover_packages(ignore) discover
[1.157s] Level 1:colcon.colcon_core.package_discovery:discover_packages(ignore) using defaults
[1.157s] Level 1:colcon.colcon_core.package_discovery:discover_packages(path) discover
[1.157s] Level 1:colcon.colcon_core.package_discovery:discover_packages(path) using defaults
[1.210s] Level 1:colcon.colcon_core.package_discovery:discover_packages(prefix_path) check parameters
[1.210s] Level 1:colcon.colcon_core.package_discovery:discover_packages(prefix_path) discover
[1.218s] DEBUG:colcon.colcon_installed_package_information.package_discovery:Found 5 installed packages in /home/dynepanch/ros2_ws/install
[1.220s] DEBUG:colcon.colcon_installed_package_information.package_discovery:Found 2 installed packages in /home/dynepanch/ros2_ws3/ros2_ws/install
[1.223s] DEBUG:colcon.colcon_installed_package_information.package_discovery:Found 270 installed packages in /opt/ros/humble
[1.224s] Level 1:colcon.colcon_core.package_discovery:discover_packages(prefix_path) using defaults
[1.346s] Level 5:colcon.colcon_core.verb:set package 'CIT_DAR' build argument 'cmake_args' from command line to 'None'
[1.346s] Level 5:colcon.colcon_core.verb:set package 'CIT_DAR' build argument 'cmake_target' from command line to 'None'
[1.346s] Level 5:colcon.colcon_core.verb:set package 'CIT_DAR' build argument 'cmake_target_skip_unavailable' from command line to 'False'
[1.346s] Level 5:colcon.colcon_core.verb:set package 'CIT_DAR' build argument 'cmake_clean_cache' from command line to 'False'
[1.347s] Level 5:colcon.colcon_core.verb:set package 'CIT_DAR' build argument 'cmake_clean_first' from command line to 'False'
[1.347s] Level 5:colcon.colcon_core.verb:set package 'CIT_DAR' build argument 'cmake_force_configure' from command line to 'False'
[1.347s] Level 5:colcon.colcon_core.verb:set package 'CIT_DAR' build argument 'ament_cmake_args' from command line to 'None'
[1.347s] Level 5:colcon.colcon_core.verb:set package 'CIT_DAR' build argument 'catkin_cmake_args' from command line to 'None'
[1.347s] Level 5:colcon.colcon_core.verb:set package 'CIT_DAR' build argument 'catkin_skip_building_tests' from command line to 'False'
[1.347s] DEBUG:colcon.colcon_core.verb:Building package 'CIT_DAR' with the following arguments: {'ament_cmake_args': None, 'build_base': '/home/dynepanch/ros2_ws/src/CIT_DAR/build/CIT_DAR', 'catkin_cmake_args': None, 'catkin_skip_building_tests': False, 'cmake_args': None, 'cmake_clean_cache': False, 'cmake_clean_first': False, 'cmake_force_configure': False, 'cmake_target': None, 'cmake_target_skip_unavailable': False, 'install_base': '/home/dynepanch/ros2_ws/src/CIT_DAR/install/CIT_DAR', 'merge_install': False, 'path': '/home/dynepanch/ros2_ws/src/CIT_DAR', 'symlink_install': False, 'test_result_base': None}
[1.348s] INFO:colcon.colcon_core.executor:Executing jobs using 'parallel' executor
[1.359s] DEBUG:colcon.colcon_parallel_executor.executor.parallel:run_until_complete
[1.360s] INFO:colcon.colcon_ros.task.ament_python.build:Building ROS package in '/home/dynepanch/ros2_ws/src/CIT_DAR' with build type 'ament_python'
[1.361s] Level 1:colcon.colcon_core.shell:create_environment_hook('CIT_DAR', 'ament_prefix_path')
[1.372s] INFO:colcon.colcon_core.plugin_system:Skipping extension 'colcon_core.shell.bat': Not used on non-Windows systems
[1.372s] INFO:colcon.colcon_core.shell:Creating environment hook '/home/dynepanch/ros2_ws/src/CIT_DAR/install/CIT_DAR/share/CIT_DAR/hook/ament_prefix_path.ps1'
[1.374s] INFO:colcon.colcon_core.shell:Creating environment descriptor '/home/dynepanch/ros2_ws/src/CIT_DAR/install/CIT_DAR/share/CIT_DAR/hook/ament_prefix_path.dsv'
[1.375s] INFO:colcon.colcon_core.shell:Creating environment hook '/home/dynepanch/ros2_ws/src/CIT_DAR/install/CIT_DAR/share/CIT_DAR/hook/ament_prefix_path.sh'
[1.377s] INFO:colcon.colcon_core.shell:Skip shell extension 'powershell' for command environment: Not usable outside of PowerShell
[1.377s] DEBUG:colcon.colcon_core.shell:Skip shell extension 'dsv' for command environment
[1.678s] INFO:colcon.colcon_core.task.python.build:Building Python package in '/home/dynepanch/ros2_ws/src/CIT_DAR'
[1.679s] INFO:colcon.colcon_core.shell:Skip shell extension 'powershell' for command environment: Not usable outside of PowerShell
[1.680s] DEBUG:colcon.colcon_core.shell:Skip shell extension 'dsv' for command environment
[2.157s] DEBUG:colcon.colcon_core.event_handler.log_command:Invoking command in '/home/dynepanch/ros2_ws/src/CIT_DAR': PYTHONPATH=/home/dynepanch/ros2_ws/src/CIT_DAR/install/CIT_DAR/lib/python3.10/site-packages:${PYTHONPATH} /usr/bin/python3 setup.py egg_info --egg-base build/CIT_DAR build --build-base /home/dynepanch/ros2_ws/src/CIT_DAR/build/CIT_DAR/build install --prefix /home/dynepanch/ros2_ws/src/CIT_DAR/install/CIT_DAR --record /home/dynepanch/ros2_ws/src/CIT_DAR/build/CIT_DAR/install.log --single-version-externally-managed
[2.412s] DEBUG:colcon.colcon_core.event_handler.log_command:Invoked command in '/home/dynepanch/ros2_ws/src/CIT_DAR' returned '0': PYTHONPATH=/home/dynepanch/ros2_ws/src/CIT_DAR/install/CIT_DAR/lib/python3.10/site-packages:${PYTHONPATH} /usr/bin/python3 setup.py egg_info --egg-base build/CIT_DAR build --build-base /home/dynepanch/ros2_ws/src/CIT_DAR/build/CIT_DAR/build install --prefix /home/dynepanch/ros2_ws/src/CIT_DAR/install/CIT_DAR --record /home/dynepanch/ros2_ws/src/CIT_DAR/build/CIT_DAR/install.log --single-version-externally-managed
[2.422s] Level 1:colcon.colcon_core.environment:checking '/home/dynepanch/ros2_ws/src/CIT_DAR/install/CIT_DAR' for CMake module files
[2.423s] Level 1:colcon.colcon_core.environment:checking '/home/dynepanch/ros2_ws/src/CIT_DAR/install/CIT_DAR' for CMake config files
[2.423s] Level 1:colcon.colcon_core.environment:checking '/home/dynepanch/ros2_ws/src/CIT_DAR/install/CIT_DAR/lib'
[2.423s] Level 1:colcon.colcon_core.environment:checking '/home/dynepanch/ros2_ws/src/CIT_DAR/install/CIT_DAR/bin'
[2.423s] Level 1:colcon.colcon_core.environment:checking '/home/dynepanch/ros2_ws/src/CIT_DAR/install/CIT_DAR/lib/pkgconfig/CIT_DAR.pc'
[2.423s] Level 1:colcon.colcon_core.environment:checking '/home/dynepanch/ros2_ws/src/CIT_DAR/install/CIT_DAR/lib/python3.10/site-packages'
[2.423s] Level 1:colcon.colcon_core.shell:create_environment_hook('CIT_DAR', 'pythonpath')
[2.424s] INFO:colcon.colcon_core.shell:Creating environment hook '/home/dynepanch/ros2_ws/src/CIT_DAR/install/CIT_DAR/share/CIT_DAR/hook/pythonpath.ps1'
[2.425s] INFO:colcon.colcon_core.shell:Creating environment descriptor '/home/dynepanch/ros2_ws/src/CIT_DAR/install/CIT_DAR/share/CIT_DAR/hook/pythonpath.dsv'
[2.425s] INFO:colcon.colcon_core.shell:Creating environment hook '/home/dynepanch/ros2_ws/src/CIT_DAR/install/CIT_DAR/share/CIT_DAR/hook/pythonpath.sh'
[2.426s] Level 1:colcon.colcon_core.environment:checking '/home/dynepanch/ros2_ws/src/CIT_DAR/install/CIT_DAR/bin'
[2.426s] Level 1:colcon.colcon_core.environment:create_environment_scripts_only(CIT_DAR)
[2.427s] INFO:colcon.colcon_core.shell:Creating package script '/home/dynepanch/ros2_ws/src/CIT_DAR/install/CIT_DAR/share/CIT_DAR/package.ps1'
[2.429s] INFO:colcon.colcon_core.shell:Creating package descriptor '/home/dynepanch/ros2_ws/src/CIT_DAR/install/CIT_DAR/share/CIT_DAR/package.dsv'
[2.429s] INFO:colcon.colcon_core.shell:Creating package script '/home/dynepanch/ros2_ws/src/CIT_DAR/install/CIT_DAR/share/CIT_DAR/package.sh'
[2.430s] INFO:colcon.colcon_core.shell:Creating package script '/home/dynepanch/ros2_ws/src/CIT_DAR/install/CIT_DAR/share/CIT_DAR/package.bash'
[2.431s] INFO:colcon.colcon_core.shell:Creating package script '/home/dynepanch/ros2_ws/src/CIT_DAR/install/CIT_DAR/share/CIT_DAR/package.zsh'
[2.432s] Level 1:colcon.colcon_core.environment:create_file_with_runtime_dependencies(/home/dynepanch/ros2_ws/src/CIT_DAR/install/CIT_DAR/share/colcon-core/packages/CIT_DAR)
[2.433s] DEBUG:colcon.colcon_parallel_executor.executor.parallel:closing loop
[2.434s] DEBUG:colcon.colcon_parallel_executor.executor.parallel:loop closed
[2.434s] DEBUG:colcon.colcon_parallel_executor.executor.parallel:run_until_complete finished with '0'
[2.434s] DEBUG:colcon.colcon_core.event_reactor:joining thread
[2.508s] INFO:colcon.colcon_core.plugin_system:Skipping extension 'colcon_notification.desktop_notification.notify_send': Could not find 'notify-send'
[2.508s] INFO:colcon.colcon_core.plugin_system:Skipping extension 'colcon_notification.desktop_notification.terminal_notifier': Not used on non-Darwin systems
[2.508s] INFO:colcon.colcon_core.plugin_system:Skipping extension 'colcon_notification.desktop_notification.win32': Not used on non-Windows systems
[2.508s] INFO:colcon.colcon_notification.desktop_notification:Sending desktop notification using 'notify2'
[2.510s] DEBUG:colcon.colcon_notification.desktop_notification.notify2:Failed to initialize notify2: org.freedesktop.DBus.Error.NotSupported: Unable to autolaunch a dbus-daemon without a $DISPLAY for X11
[2.510s] DEBUG:colcon.colcon_core.event_reactor:joined thread
[2.511s] INFO:colcon.colcon_core.shell:Creating prefix script '/home/dynepanch/ros2_ws/src/CIT_DAR/install/local_setup.ps1'
[2.512s] INFO:colcon.colcon_core.shell:Creating prefix util module '/home/dynepanch/ros2_ws/src/CIT_DAR/install/_local_setup_util_ps1.py'
[2.514s] INFO:colcon.colcon_core.shell:Creating prefix chain script '/home/dynepanch/ros2_ws/src/CIT_DAR/install/setup.ps1'
[2.515s] INFO:colcon.colcon_core.shell:Creating prefix script '/home/dynepanch/ros2_ws/src/CIT_DAR/install/local_setup.sh'
[2.516s] INFO:colcon.colcon_core.shell:Creating prefix util module '/home/dynepanch/ros2_ws/src/CIT_DAR/install/_local_setup_util_sh.py'
[2.516s] INFO:colcon.colcon_core.shell:Creating prefix chain script '/home/dynepanch/ros2_ws/src/CIT_DAR/install/setup.sh'
[2.518s] INFO:colcon.colcon_core.shell:Creating prefix script '/home/dynepanch/ros2_ws/src/CIT_DAR/install/local_setup.bash'
[2.519s] INFO:colcon.colcon_core.shell:Creating prefix chain script '/home/dynepanch/ros2_ws/src/CIT_DAR/install/setup.bash'
[2.520s] INFO:colcon.colcon_core.shell:Creating prefix script '/home/dynepanch/ros2_ws/src/CIT_DAR/install/local_setup.zsh'
[2.521s] INFO:colcon.colcon_core.shell:Creating prefix chain script '/home/dynepanch/ros2_ws/src/CIT_DAR/install/setup.zsh'
