[0.325s] DEBUG:colcon:Command line arguments: ['/usr/bin/colcon', 'build']
[0.325s] DEBUG:colcon:Parsed command line arguments: Namespace(log_base=None, log_level=None, verb_name='build', build_base='build', install_base='install', merge_install=False, symlink_install=False, test_result_base=None, continue_on_error=False, executor='parallel', parallel_workers=12, event_handlers=None, ignore_user_meta=False, metas=['./colcon.meta'], base_paths=['.'], packages_ignore=None, packages_ignore_regex=None, paths=None, packages_up_to=None, packages_up_to_regex=None, packages_above=None, packages_above_and_dependencies=None, packages_above_depth=None, packages_select_by_dep=None, packages_skip_by_dep=None, packages_skip_up_to=None, packages_select_build_failed=False, packages_skip_build_finished=False, packages_select_test_failures=False, packages_skip_test_passed=False, packages_select=None, packages_skip=None, packages_select_regex=None, packages_skip_regex=None, packages_start=None, packages_end=None, allow_overriding=[], cmake_args=None, cmake_target=None, cmake_target_skip_unavailable=False, cmake_clean_cache=False, cmake_clean_first=False, cmake_force_configure=False, ament_cmake_args=None, catkin_cmake_args=None, catkin_skip_building_tests=False, verb_parser=<colcon_defaults.argument_parser.defaults.DefaultArgumentsDecorator object at 0x7fb023f254b0>, verb_extension=<colcon_core.verb.build.BuildVerb object at 0x7fb024858a60>, main=<bound method BuildVerb.main of <colcon_core.verb.build.BuildVerb object at 0x7fb024858a60>>)
[0.345s] Level 1:colcon.colcon_core.package_discovery:discover_packages(colcon_meta) check parameters
[0.345s] Level 1:colcon.colcon_core.package_discovery:discover_packages(recursive) check parameters
[0.345s] Level 1:colcon.colcon_core.package_discovery:discover_packages(ignore) check parameters
[0.345s] Level 1:colcon.colcon_core.package_discovery:discover_packages(path) check parameters
[0.345s] Level 1:colcon.colcon_core.package_discovery:discover_packages(colcon_meta) discover
[0.346s] Level 1:colcon.colcon_core.package_discovery:discover_packages(recursive) discover
[0.346s] INFO:colcon.colcon_core.package_discovery:Crawling recursively for packages in '/home/dynepanch/ros2_ws/src/CIT_DAR'
[0.346s] Level 1:colcon.colcon_core.package_identification:_identify(.) by extensions ['ignore', 'ignore_ament_install']
[0.346s] Level 1:colcon.colcon_core.package_identification:_identify(.) by extension 'ignore'
[0.346s] Level 1:colcon.colcon_core.package_identification:_identify(.) by extension 'ignore_ament_install'
[0.346s] Level 1:colcon.colcon_core.package_identification:_identify(.) by extensions ['colcon_pkg']
[0.346s] Level 1:colcon.colcon_core.package_identification:_identify(.) by extension 'colcon_pkg'
[0.346s] Level 1:colcon.colcon_core.package_identification:_identify(.) by extensions ['colcon_meta']
[0.346s] Level 1:colcon.colcon_core.package_identification:_identify(.) by extension 'colcon_meta'
[0.346s] Level 1:colcon.colcon_core.package_identification:_identify(.) by extensions ['ros']
[0.346s] Level 1:colcon.colcon_core.package_identification:_identify(.) by extension 'ros'
[0.364s] DEBUG:colcon.colcon_core.package_identification:Package '.' with type 'ros.ament_python' and name 'CIT_DAR'
[0.364s] Level 1:colcon.colcon_core.package_discovery:discover_packages(recursive) using defaults
[0.364s] Level 1:colcon.colcon_core.package_discovery:discover_packages(ignore) discover
[0.364s] Level 1:colcon.colcon_core.package_discovery:discover_packages(ignore) using defaults
[0.364s] Level 1:colcon.colcon_core.package_discovery:discover_packages(path) discover
[0.364s] Level 1:colcon.colcon_core.package_discovery:discover_packages(path) using defaults
[0.385s] Level 1:colcon.colcon_core.package_discovery:discover_packages(prefix_path) check parameters
[0.385s] Level 1:colcon.colcon_core.package_discovery:discover_packages(prefix_path) discover
[0.387s] DEBUG:colcon.colcon_installed_package_information.package_discovery:Found 5 installed packages in /home/dynepanch/ros2_ws/install
[0.388s] DEBUG:colcon.colcon_installed_package_information.package_discovery:Found 2 installed packages in /home/dynepanch/ros2_ws3/ros2_ws/install
[0.390s] DEBUG:colcon.colcon_installed_package_information.package_discovery:Found 270 installed packages in /opt/ros/humble
[0.391s] Level 1:colcon.colcon_core.package_discovery:discover_packages(prefix_path) using defaults
[0.440s] Level 5:colcon.colcon_core.verb:set package 'CIT_DAR' build argument 'cmake_args' from command line to 'None'
[0.440s] Level 5:colcon.colcon_core.verb:set package 'CIT_DAR' build argument 'cmake_target' from command line to 'None'
[0.440s] Level 5:colcon.colcon_core.verb:set package 'CIT_DAR' build argument 'cmake_target_skip_unavailable' from command line to 'False'
[0.440s] Level 5:colcon.colcon_core.verb:set package 'CIT_DAR' build argument 'cmake_clean_cache' from command line to 'False'
[0.440s] Level 5:colcon.colcon_core.verb:set package 'CIT_DAR' build argument 'cmake_clean_first' from command line to 'False'
[0.440s] Level 5:colcon.colcon_core.verb:set package 'CIT_DAR' build argument 'cmake_force_configure' from command line to 'False'
[0.440s] Level 5:colcon.colcon_core.verb:set package 'CIT_DAR' build argument 'ament_cmake_args' from command line to 'None'
[0.440s] Level 5:colcon.colcon_core.verb:set package 'CIT_DAR' build argument 'catkin_cmake_args' from command line to 'None'
[0.440s] Level 5:colcon.colcon_core.verb:set package 'CIT_DAR' build argument 'catkin_skip_building_tests' from command line to 'False'
[0.440s] DEBUG:colcon.colcon_core.verb:Building package 'CIT_DAR' with the following arguments: {'ament_cmake_args': None, 'build_base': '/home/dynepanch/ros2_ws/src/CIT_DAR/build/CIT_DAR', 'catkin_cmake_args': None, 'catkin_skip_building_tests': False, 'cmake_args': None, 'cmake_clean_cache': False, 'cmake_clean_first': False, 'cmake_force_configure': False, 'cmake_target': None, 'cmake_target_skip_unavailable': False, 'install_base': '/home/dynepanch/ros2_ws/src/CIT_DAR/install/CIT_DAR', 'merge_install': False, 'path': '/home/dynepanch/ros2_ws/src/CIT_DAR', 'symlink_install': False, 'test_result_base': None}
[0.441s] INFO:colcon.colcon_core.executor:Executing jobs using 'parallel' executor
[0.448s] DEBUG:colcon.colcon_parallel_executor.executor.parallel:run_until_complete
[0.450s] INFO:colcon.colcon_ros.task.ament_python.build:Building ROS package in '/home/dynepanch/ros2_ws/src/CIT_DAR' with build type 'ament_python'
[0.450s] Level 1:colcon.colcon_core.shell:create_environment_hook('CIT_DAR', 'ament_prefix_path')
[0.456s] INFO:colcon.colcon_core.plugin_system:Skipping extension 'colcon_core.shell.bat': Not used on non-Windows systems
[0.456s] INFO:colcon.colcon_core.shell:Creating environment hook '/home/dynepanch/ros2_ws/src/CIT_DAR/install/CIT_DAR/share/CIT_DAR/hook/ament_prefix_path.ps1'
[0.460s] INFO:colcon.colcon_core.shell:Creating environment descriptor '/home/dynepanch/ros2_ws/src/CIT_DAR/install/CIT_DAR/share/CIT_DAR/hook/ament_prefix_path.dsv'
[0.461s] INFO:colcon.colcon_core.shell:Creating environment hook '/home/dynepanch/ros2_ws/src/CIT_DAR/install/CIT_DAR/share/CIT_DAR/hook/ament_prefix_path.sh'
[0.464s] INFO:colcon.colcon_core.shell:Skip shell extension 'powershell' for command environment: Not usable outside of PowerShell
[0.464s] DEBUG:colcon.colcon_core.shell:Skip shell extension 'dsv' for command environment
[0.689s] WARNING:colcon.colcon_ros.task.ament_python.build:Package 'CIT_DAR' doesn't explicitly install the 'package.xml' file (colcon-ros currently does it implicitly but that fallback will be removed in the future)
[0.689s] INFO:colcon.colcon_core.task.python.build:Building Python package in '/home/dynepanch/ros2_ws/src/CIT_DAR'
[0.690s] INFO:colcon.colcon_core.shell:Skip shell extension 'powershell' for command environment: Not usable outside of PowerShell
[0.690s] DEBUG:colcon.colcon_core.shell:Skip shell extension 'dsv' for command environment
[0.983s] DEBUG:colcon.colcon_core.event_handler.log_command:Invoking command in '/home/dynepanch/ros2_ws/src/CIT_DAR': PYTHONPATH=/home/dynepanch/ros2_ws/src/CIT_DAR/install/CIT_DAR/lib/python3.10/site-packages:${PYTHONPATH} /usr/bin/python3 setup.py egg_info --egg-base build/CIT_DAR build --build-base /home/dynepanch/ros2_ws/src/CIT_DAR/build/CIT_DAR/build install --prefix /home/dynepanch/ros2_ws/src/CIT_DAR/install/CIT_DAR --record /home/dynepanch/ros2_ws/src/CIT_DAR/build/CIT_DAR/install.log --single-version-externally-managed
[1.228s] DEBUG:colcon.colcon_core.event_handler.log_command:Invoked command in '/home/dynepanch/ros2_ws/src/CIT_DAR' returned '0': PYTHONPATH=/home/dynepanch/ros2_ws/src/CIT_DAR/install/CIT_DAR/lib/python3.10/site-packages:${PYTHONPATH} /usr/bin/python3 setup.py egg_info --egg-base build/CIT_DAR build --build-base /home/dynepanch/ros2_ws/src/CIT_DAR/build/CIT_DAR/build install --prefix /home/dynepanch/ros2_ws/src/CIT_DAR/install/CIT_DAR --record /home/dynepanch/ros2_ws/src/CIT_DAR/build/CIT_DAR/install.log --single-version-externally-managed
[1.231s] Level 1:colcon.colcon_core.environment:checking '/home/dynepanch/ros2_ws/src/CIT_DAR/install/CIT_DAR' for CMake module files
[1.232s] Level 1:colcon.colcon_core.environment:checking '/home/dynepanch/ros2_ws/src/CIT_DAR/install/CIT_DAR' for CMake config files
[1.233s] Level 1:colcon.colcon_core.environment:checking '/home/dynepanch/ros2_ws/src/CIT_DAR/install/CIT_DAR/lib'
[1.233s] Level 1:colcon.colcon_core.environment:checking '/home/dynepanch/ros2_ws/src/CIT_DAR/install/CIT_DAR/bin'
[1.233s] Level 1:colcon.colcon_core.environment:checking '/home/dynepanch/ros2_ws/src/CIT_DAR/install/CIT_DAR/lib/pkgconfig/CIT_DAR.pc'
[1.233s] Level 1:colcon.colcon_core.environment:checking '/home/dynepanch/ros2_ws/src/CIT_DAR/install/CIT_DAR/lib/python3.10/site-packages'
[1.233s] Level 1:colcon.colcon_core.shell:create_environment_hook('CIT_DAR', 'pythonpath')
[1.234s] INFO:colcon.colcon_core.shell:Creating environment hook '/home/dynepanch/ros2_ws/src/CIT_DAR/install/CIT_DAR/share/CIT_DAR/hook/pythonpath.ps1'
[1.235s] INFO:colcon.colcon_core.shell:Creating environment descriptor '/home/dynepanch/ros2_ws/src/CIT_DAR/install/CIT_DAR/share/CIT_DAR/hook/pythonpath.dsv'
[1.235s] INFO:colcon.colcon_core.shell:Creating environment hook '/home/dynepanch/ros2_ws/src/CIT_DAR/install/CIT_DAR/share/CIT_DAR/hook/pythonpath.sh'
[1.236s] Level 1:colcon.colcon_core.environment:checking '/home/dynepanch/ros2_ws/src/CIT_DAR/install/CIT_DAR/bin'
[1.236s] Level 1:colcon.colcon_core.environment:create_environment_scripts_only(CIT_DAR)
[1.237s] INFO:colcon.colcon_core.shell:Creating package script '/home/dynepanch/ros2_ws/src/CIT_DAR/install/CIT_DAR/share/CIT_DAR/package.ps1'
[1.238s] INFO:colcon.colcon_core.shell:Creating package descriptor '/home/dynepanch/ros2_ws/src/CIT_DAR/install/CIT_DAR/share/CIT_DAR/package.dsv'
[1.238s] INFO:colcon.colcon_core.shell:Creating package script '/home/dynepanch/ros2_ws/src/CIT_DAR/install/CIT_DAR/share/CIT_DAR/package.sh'
[1.239s] INFO:colcon.colcon_core.shell:Creating package script '/home/dynepanch/ros2_ws/src/CIT_DAR/install/CIT_DAR/share/CIT_DAR/package.bash'
[1.239s] INFO:colcon.colcon_core.shell:Creating package script '/home/dynepanch/ros2_ws/src/CIT_DAR/install/CIT_DAR/share/CIT_DAR/package.zsh'
[1.240s] Level 1:colcon.colcon_core.environment:create_file_with_runtime_dependencies(/home/dynepanch/ros2_ws/src/CIT_DAR/install/CIT_DAR/share/colcon-core/packages/CIT_DAR)
[1.241s] DEBUG:colcon.colcon_parallel_executor.executor.parallel:closing loop
[1.241s] DEBUG:colcon.colcon_parallel_executor.executor.parallel:loop closed
[1.241s] DEBUG:colcon.colcon_parallel_executor.executor.parallel:run_until_complete finished with '0'
[1.242s] DEBUG:colcon.colcon_core.event_reactor:joining thread
[1.287s] INFO:colcon.colcon_core.plugin_system:Skipping extension 'colcon_notification.desktop_notification.notify_send': Could not find 'notify-send'
[1.287s] INFO:colcon.colcon_core.plugin_system:Skipping extension 'colcon_notification.desktop_notification.terminal_notifier': Not used on non-Darwin systems
[1.287s] INFO:colcon.colcon_core.plugin_system:Skipping extension 'colcon_notification.desktop_notification.win32': Not used on non-Windows systems
[1.288s] INFO:colcon.colcon_notification.desktop_notification:Sending desktop notification using 'notify2'
[1.288s] DEBUG:colcon.colcon_notification.desktop_notification.notify2:Failed to initialize notify2: org.freedesktop.DBus.Error.NotSupported: Unable to autolaunch a dbus-daemon without a $DISPLAY for X11
[1.288s] DEBUG:colcon.colcon_core.event_reactor:joined thread
[1.289s] INFO:colcon.colcon_core.shell:Creating prefix script '/home/dynepanch/ros2_ws/src/CIT_DAR/install/local_setup.ps1'
[1.290s] INFO:colcon.colcon_core.shell:Creating prefix util module '/home/dynepanch/ros2_ws/src/CIT_DAR/install/_local_setup_util_ps1.py'
[1.291s] INFO:colcon.colcon_core.shell:Creating prefix chain script '/home/dynepanch/ros2_ws/src/CIT_DAR/install/setup.ps1'
[1.292s] INFO:colcon.colcon_core.shell:Creating prefix script '/home/dynepanch/ros2_ws/src/CIT_DAR/install/local_setup.sh'
[1.293s] INFO:colcon.colcon_core.shell:Creating prefix util module '/home/dynepanch/ros2_ws/src/CIT_DAR/install/_local_setup_util_sh.py'
[1.293s] INFO:colcon.colcon_core.shell:Creating prefix chain script '/home/dynepanch/ros2_ws/src/CIT_DAR/install/setup.sh'
[1.295s] INFO:colcon.colcon_core.shell:Creating prefix script '/home/dynepanch/ros2_ws/src/CIT_DAR/install/local_setup.bash'
[1.295s] INFO:colcon.colcon_core.shell:Creating prefix chain script '/home/dynepanch/ros2_ws/src/CIT_DAR/install/setup.bash'
[1.297s] INFO:colcon.colcon_core.shell:Creating prefix script '/home/dynepanch/ros2_ws/src/CIT_DAR/install/local_setup.zsh'
[1.297s] INFO:colcon.colcon_core.shell:Creating prefix chain script '/home/dynepanch/ros2_ws/src/CIT_DAR/install/setup.zsh'
