running egg_info
creating build/CIT_DAR/CIT_DAR.egg-info
writing build/CIT_DAR/CIT_DAR.egg-info/PKG-INFO
writing dependency_links to build/CIT_DAR/CIT_DAR.egg-info/dependency_links.txt
writing entry points to build/CIT_DAR/CIT_DAR.egg-info/entry_points.txt
writing requirements to build/CIT_DAR/CIT_DAR.egg-info/requires.txt
writing top-level names to build/CIT_DAR/CIT_DAR.egg-info/top_level.txt
writing manifest file 'build/CIT_DAR/CIT_DAR.egg-info/SOURCES.txt'
reading manifest file 'build/CIT_DAR/CIT_DAR.egg-info/SOURCES.txt'
writing manifest file 'build/CIT_DAR/CIT_DAR.egg-info/SOURCES.txt'
running build
running build_py
creating /home/dynepanch/ros2_ws/src/CIT_DAR/build/CIT_DAR/build
creating /home/dynepanch/ros2_ws/src/CIT_DAR/build/CIT_DAR/build/lib
creating /home/dynepanch/ros2_ws/src/CIT_DAR/build/CIT_DAR/build/lib/CIT_DAR
copying CIT_DAR/__init__.py -> /home/dynepanch/ros2_ws/src/CIT_DAR/build/CIT_DAR/build/lib/CIT_DAR
running install
/usr/lib/python3/dist-packages/setuptools/command/install.py:34: SetuptoolsDeprecationWarning: setup.py install is deprecated. Use build and pip and other standards-based tools.
  warnings.warn(
running install_lib
creating /home/dynepanch/ros2_ws/src/CIT_DAR/install/CIT_DAR/lib/python3.10/site-packages/CIT_DAR
copying /home/dynepanch/ros2_ws/src/CIT_DAR/build/CIT_DAR/build/lib/CIT_DAR/__init__.py -> /home/dynepanch/ros2_ws/src/CIT_DAR/install/CIT_DAR/lib/python3.10/site-packages/CIT_DAR
byte-compiling /home/dynepanch/ros2_ws/src/CIT_DAR/install/CIT_DAR/lib/python3.10/site-packages/CIT_DAR/__init__.py to __init__.cpython-310.pyc
running install_data
creating /home/dynepanch/ros2_ws/src/CIT_DAR/install/CIT_DAR/share/ament_index
creating /home/dynepanch/ros2_ws/src/CIT_DAR/install/CIT_DAR/share/ament_index/resource_index
creating /home/dynepanch/ros2_ws/src/CIT_DAR/install/CIT_DAR/share/ament_index/resource_index/packages
copying resource/CIT_DAR -> /home/dynepanch/ros2_ws/src/CIT_DAR/install/CIT_DAR/share/ament_index/resource_index/packages
copying package.xml -> /home/dynepanch/ros2_ws/src/CIT_DAR/install/CIT_DAR/share/CIT_DAR
running install_egg_info
Copying build/CIT_DAR/CIT_DAR.egg-info to /home/dynepanch/ros2_ws/src/CIT_DAR/install/CIT_DAR/lib/python3.10/site-packages/CIT_DAR-0.0.0-py3.10.egg-info
running install_scripts
writing list of installed files to '/home/dynepanch/ros2_ws/src/CIT_DAR/build/CIT_DAR/install.log'
