[0.795s] Invoking command in '/home/dynepanch/ros2_ws/src/CIT_DAR': PYTHONPATH=/home/dynepanch/ros2_ws/src/CIT_DAR/install/CIT_DAR/lib/python3.10/site-packages:${PYTHONPATH} /usr/bin/python3 setup.py egg_info --egg-base build/CIT_DAR build --build-base /home/dynepanch/ros2_ws/src/CIT_DAR/build/CIT_DAR/build install --prefix /home/dynepanch/ros2_ws/src/CIT_DAR/install/CIT_DAR --record /home/dynepanch/ros2_ws/src/CIT_DAR/build/CIT_DAR/install.log --single-version-externally-managed
[1.000s] running egg_info
[1.001s] creating build/CIT_DAR/CIT_DAR.egg-info
[1.001s] writing build/CIT_DAR/CIT_DAR.egg-info/PKG-INFO
[1.001s] writing dependency_links to build/CIT_DAR/CIT_DAR.egg-info/dependency_links.txt
[1.001s] writing entry points to build/CIT_DAR/CIT_DAR.egg-info/entry_points.txt
[1.001s] writing requirements to build/CIT_DAR/CIT_DAR.egg-info/requires.txt
[1.001s] writing top-level names to build/CIT_DAR/CIT_DAR.egg-info/top_level.txt
[1.002s] writing manifest file 'build/CIT_DAR/CIT_DAR.egg-info/SOURCES.txt'
[1.003s] reading manifest file 'build/CIT_DAR/CIT_DAR.egg-info/SOURCES.txt'
[1.004s] writing manifest file 'build/CIT_DAR/CIT_DAR.egg-info/SOURCES.txt'
[1.005s] running build
[1.005s] running build_py
[1.005s] creating /home/dynepanch/ros2_ws/src/CIT_DAR/build/CIT_DAR/build
[1.005s] creating /home/dynepanch/ros2_ws/src/CIT_DAR/build/CIT_DAR/build/lib
[1.005s] creating /home/dynepanch/ros2_ws/src/CIT_DAR/build/CIT_DAR/build/lib/CIT_DAR
[1.006s] copying CIT_DAR/__init__.py -> /home/dynepanch/ros2_ws/src/CIT_DAR/build/CIT_DAR/build/lib/CIT_DAR
[1.006s] running install
[1.007s] /usr/lib/python3/dist-packages/setuptools/command/install.py:34: SetuptoolsDeprecationWarning: setup.py install is deprecated. Use build and pip and other standards-based tools.
[1.007s]   warnings.warn(
[1.007s] running install_lib
[1.007s] creating /home/dynepanch/ros2_ws/src/CIT_DAR/install/CIT_DAR/lib/python3.10/site-packages/CIT_DAR
[1.008s] copying /home/dynepanch/ros2_ws/src/CIT_DAR/build/CIT_DAR/build/lib/CIT_DAR/__init__.py -> /home/dynepanch/ros2_ws/src/CIT_DAR/install/CIT_DAR/lib/python3.10/site-packages/CIT_DAR
[1.008s] byte-compiling /home/dynepanch/ros2_ws/src/CIT_DAR/install/CIT_DAR/lib/python3.10/site-packages/CIT_DAR/__init__.py to __init__.cpython-310.pyc
[1.008s] running install_data
[1.009s] creating /home/dynepanch/ros2_ws/src/CIT_DAR/install/CIT_DAR/share/ament_index
[1.009s] creating /home/dynepanch/ros2_ws/src/CIT_DAR/install/CIT_DAR/share/ament_index/resource_index
[1.009s] creating /home/dynepanch/ros2_ws/src/CIT_DAR/install/CIT_DAR/share/ament_index/resource_index/packages
[1.009s] copying resource/CIT_DAR -> /home/dynepanch/ros2_ws/src/CIT_DAR/install/CIT_DAR/share/ament_index/resource_index/packages
[1.009s] copying package.xml -> /home/dynepanch/ros2_ws/src/CIT_DAR/install/CIT_DAR/share/CIT_DAR
[1.010s] running install_egg_info
[1.010s] Copying build/CIT_DAR/CIT_DAR.egg-info to /home/dynepanch/ros2_ws/src/CIT_DAR/install/CIT_DAR/lib/python3.10/site-packages/CIT_DAR-0.0.0-py3.10.egg-info
[1.012s] running install_scripts
[1.029s] writing list of installed files to '/home/dynepanch/ros2_ws/src/CIT_DAR/build/CIT_DAR/install.log'
[1.051s] Invoked command in '/home/dynepanch/ros2_ws/src/CIT_DAR' returned '0': PYTHONPATH=/home/dynepanch/ros2_ws/src/CIT_DAR/install/CIT_DAR/lib/python3.10/site-packages:${PYTHONPATH} /usr/bin/python3 setup.py egg_info --egg-base build/CIT_DAR build --build-base /home/dynepanch/ros2_ws/src/CIT_DAR/build/CIT_DAR/build install --prefix /home/dynepanch/ros2_ws/src/CIT_DAR/install/CIT_DAR --record /home/dynepanch/ros2_ws/src/CIT_DAR/build/CIT_DAR/install.log --single-version-externally-managed
